# JRE version: Java(TM) SE Runtime Environment (23.0.1+11) (build 23.0.1+11-39)
# Java VM: Java HotSpot(TM) 64-Bit Server VM (23.0.1+11-39, mixed mode, sharing, tiered, compressed oops, compressed class ptrs, g1 gc, windows-amd64)
GC Precious Log:
 CardTable entry size: 512
 Card Set container configuration: InlinePtr #cards 5 size 8 Array Of Cards #cards 10 size 36 Howl #buckets 4 coarsen threshold 1843 Howl Bitmap #cards 512 size 80 coarsen threshold 460 Card regions per heap region 1 cards per card region 2048
 CPUs: 12 total, 12 available
 Memory: 5989M
 Large Page Support: Disabled
 NUMA Support: Disabled
 Compressed Oops: Enabled (32-bit)
 Heap Region Size: 1M
 Heap Min Capacity: 8M
 Heap Initial Capacity: 94M
 Heap Max Capacity: 1498M
 Pre-touch: Disabled
 Parallel Workers: 10
 Concurrent Workers: 3
 Concurrent Refinement Workers: 10
 Periodic GC: Disabled
Heap:
 garbage-first heap   total reserved 1533952K, committed 53248K, used 35829K [0x00000000a2600000, 0x0000000100000000)
  region size 1024K, 4 young (4096K), 2 survivors (2048K)
 Metaspace       used 75376K, committed 76160K, reserved 1114112K
  class space    used 10561K, committed 10880K, reserved 1048576K
GC Heap History (20 events):
Event: 8.294 GC heap before
{Heap before GC invocations=12 (full 0):
 garbage-first heap   total reserved 1533952K, committed 48128K, used 40688K [0x00000000a2600000, 0x0000000100000000)
  region size 1024K, 19 young (19456K), 2 survivors (2048K)
 Metaspace       used 52062K, committed 52608K, reserved 1114112K
  class space    used 6995K, committed 7232K, reserved 1048576K
}
Event: 8.297 GC heap after
{Heap after GC invocations=13 (full 0):
 garbage-first heap   total reserved 1533952K, committed 48128K, used 25074K [0x00000000a2600000, 0x0000000100000000)
  region size 1024K, 3 young (3072K), 3 survivors (3072K)
 Metaspace       used 52062K, committed 52608K, reserved 1114112K
  class space    used 6995K, committed 7232K, reserved 1048576K
}
Event: 8.700 GC heap before
{Heap before GC invocations=14 (full 0):
 garbage-first heap   total reserved 1533952K, committed 48128K, used 39410K [0x00000000a2600000, 0x0000000100000000)
  region size 1024K, 18 young (18432K), 3 survivors (3072K)
 Metaspace       used 55576K, committed 56128K, reserved 1114112K
  class space    used 7463K, committed 7680K, reserved 1048576K
}
Event: 8.704 GC heap after
{Heap after GC invocations=15 (full 0):
 garbage-first heap   total reserved 1533952K, committed 48128K, used 25821K [0x00000000a2600000, 0x0000000100000000)
  region size 1024K, 2 young (2048K), 2 survivors (2048K)
 Metaspace       used 55576K, committed 56128K, reserved 1114112K
  class space    used 7463K, committed 7680K, reserved 1048576K
}
Event: 9.135 GC heap before
{Heap before GC invocations=15 (full 0):
 garbage-first heap   total reserved 1533952K, committed 48128K, used 40157K [0x00000000a2600000, 0x0000000100000000)
  region size 1024K, 17 young (17408K), 2 survivors (2048K)
 Metaspace       used 60406K, committed 60992K, reserved 1114112K
  class space    used 8302K, committed 8576K, reserved 1048576K
}
Event: 9.139 GC heap after
{Heap after GC invocations=16 (full 0):
 garbage-first heap   total reserved 1533952K, committed 48128K, used 26164K [0x00000000a2600000, 0x0000000100000000)
  region size 1024K, 3 young (3072K), 3 survivors (3072K)
 Metaspace       used 60406K, committed 60992K, reserved 1114112K
  class space    used 8302K, committed 8576K, reserved 1048576K
}
Event: 9.515 GC heap before
{Heap before GC invocations=16 (full 0):
 garbage-first heap   total reserved 1533952K, committed 48128K, used 39476K [0x00000000a2600000, 0x0000000100000000)
  region size 1024K, 17 young (17408K), 3 survivors (3072K)
 Metaspace       used 63984K, committed 64576K, reserved 1114112K
  class space    used 8851K, committed 9088K, reserved 1048576K
}
Event: 9.519 GC heap after
{Heap after GC invocations=17 (full 0):
 garbage-first heap   total reserved 1533952K, committed 48128K, used 26656K [0x00000000a2600000, 0x0000000100000000)
  region size 1024K, 2 young (2048K), 2 survivors (2048K)
 Metaspace       used 63984K, committed 64576K, reserved 1114112K
  class space    used 8851K, committed 9088K, reserved 1048576K
}
Event: 9.906 GC heap before
{Heap before GC invocations=18 (full 0):
 garbage-first heap   total reserved 1533952K, committed 48128K, used 40992K [0x00000000a2600000, 0x0000000100000000)
  region size 1024K, 17 young (17408K), 2 survivors (2048K)
 Metaspace       used 66362K, committed 66944K, reserved 1114112K
  class space    used 9179K, committed 9408K, reserved 1048576K
}
Event: 9.909 GC heap after
{Heap after GC invocations=19 (full 0):
 garbage-first heap   total reserved 1533952K, committed 48128K, used 28297K [0x00000000a2600000, 0x0000000100000000)
  region size 1024K, 3 young (3072K), 3 survivors (3072K)
 Metaspace       used 66362K, committed 66944K, reserved 1114112K
  class space    used 9179K, committed 9408K, reserved 1048576K
}
Event: 10.188 GC heap before
{Heap before GC invocations=19 (full 0):
 garbage-first heap   total reserved 1533952K, committed 48128K, used 40585K [0x00000000a2600000, 0x0000000100000000)
  region size 1024K, 15 young (15360K), 3 survivors (3072K)
 Metaspace       used 67646K, committed 68288K, reserved 1114112K
  class space    used 9353K, committed 9600K, reserved 1048576K
}
Event: 10.192 GC heap after
{Heap after GC invocations=20 (full 0):
 garbage-first heap   total reserved 1533952K, committed 48128K, used 29748K [0x00000000a2600000, 0x0000000100000000)
  region size 1024K, 2 young (2048K), 2 survivors (2048K)
 Metaspace       used 67646K, committed 68288K, reserved 1114112K
  class space    used 9353K, committed 9600K, reserved 1048576K
}
Event: 10.522 GC heap before
{Heap before GC invocations=20 (full 0):
 garbage-first heap   total reserved 1533952K, committed 48128K, used 42036K [0x00000000a2600000, 0x0000000100000000)
  region size 1024K, 14 young (14336K), 2 survivors (2048K)
 Metaspace       used 69527K, committed 70208K, reserved 1114112K
  class space    used 9601K, committed 9920K, reserved 1048576K
}
Event: 10.526 GC heap after
{Heap after GC invocations=21 (full 0):
 garbage-first heap   total reserved 1533952K, committed 48128K, used 31052K [0x00000000a2600000, 0x0000000100000000)
  region size 1024K, 2 young (2048K), 2 survivors (2048K)
 Metaspace       used 69527K, committed 70208K, reserved 1114112K
  class space    used 9601K, committed 9920K, reserved 1048576K
}
Event: 10.818 GC heap before
{Heap before GC invocations=22 (full 0):
 garbage-first heap   total reserved 1533952K, committed 53248K, used 41292K [0x00000000a2600000, 0x0000000100000000)
  region size 1024K, 12 young (12288K), 2 survivors (2048K)
 Metaspace       used 70865K, committed 71680K, reserved 1114112K
  class space    used 9799K, committed 10176K, reserved 1048576K
}
Event: 10.821 GC heap after
{Heap after GC invocations=23 (full 0):
 garbage-first heap   total reserved 1533952K, committed 53248K, used 32425K [0x00000000a2600000, 0x0000000100000000)
  region size 1024K, 2 young (2048K), 2 survivors (2048K)
 Metaspace       used 70865K, committed 71680K, reserved 1114112K
  class space    used 9799K, committed 10176K, reserved 1048576K
}
Event: 55.455 GC heap before
{Heap before GC invocations=23 (full 0):
 garbage-first heap   total reserved 1533952K, committed 53248K, used 44713K [0x00000000a2600000, 0x0000000100000000)
  region size 1024K, 15 young (15360K), 2 survivors (2048K)
 Metaspace       used 73184K, committed 73920K, reserved 1114112K
  class space    used 10120K, committed 10432K, reserved 1048576K
}
Event: 55.461 GC heap after
{Heap after GC invocations=24 (full 0):
 garbage-first heap   total reserved 1533952K, committed 53248K, used 33632K [0x00000000a2600000, 0x0000000100000000)
  region size 1024K, 2 young (2048K), 2 survivors (2048K)
 Metaspace       used 73184K, committed 73920K, reserved 1114112K
  class space    used 10120K, committed 10432K, reserved 1048576K
}
Event: 55.991 GC heap before
{Heap before GC invocations=24 (full 0):
 garbage-first heap   total reserved 1533952K, committed 53248K, used 44896K [0x00000000a2600000, 0x0000000100000000)
  region size 1024K, 14 young (14336K), 2 survivors (2048K)
 Metaspace       used 75368K, committed 76160K, reserved 1114112K
  class space    used 10561K, committed 10880K, reserved 1048576K
}
Event: 55.997 GC heap after
{Heap after GC invocations=25 (full 0):
 garbage-first heap   total reserved 1533952K, committed 53248K, used 34805K [0x00000000a2600000, 0x0000000100000000)
  region size 1024K, 2 young (2048K), 2 survivors (2048K)
 Metaspace       used 75368K, committed 76160K, reserved 1114112K
  class space    used 10561K, committed 10880K, reserved 1048576K
}

